<!DOCTYPE html PUBLIC "-//W3C//DTD XHTML 1.1//EN" "https://www.w3.org/TR/xhtml11/DTD/xhtml11.dtd">
<html xmlns="https://www.w3.org/1999/xhtml">
<head>
<meta http-equiv="content-type" content="text/html; charset=UTF-8"/>
<title>TestNG Report</title>
<style type="text/css">table {margin-bottom:10px;border-collapse:collapse;empty-cells:show}th,td {border:1px solid #009;padding:.25em .5em}th {vertical-align:bottom}td {vertical-align:top}table a {font-weight:bold}.stripe td {background-color: #E6EBF9}.num {text-align:right}.passedodd td {background-color: #3F3}.passedeven td {background-color: #0A0}.skippedodd td {background-color: #DDD}.skippedeven td {background-color: #CCC}.failedodd td,.attn {background-color: #F33}.failedeven td,.stripe .attn {background-color: #D00}.stacktrace {white-space:pre;font-family:monospace}.totop {font-size:85%;text-align:center;border-bottom:2px solid #000}.invisible {display:none}</style>
</head>
<body>
<table>
<tr><th>Test</th><th># Passed</th><th># Skipped</th><th># Retried</th><th># Failed</th><th>Time (ms)</th><th>Included Groups</th><th>Excluded Groups</th></tr>
<tr><th colspan="8">Suite</th></tr>
<tr><td><a href="#t0">Test</a></td><td class="num">21</td><td class="num">0</td><td class="num">0</td><td class="num attn">5</td><td class="num">288,640</td><td></td><td></td></tr>
</table>
<table id='summary'><thead><tr><th>Class</th><th>Method</th><th>Start</th><th>Time (ms)</th></tr></thead><tbody><tr><th colspan="4">Suite</th></tr></tbody><tbody id="t0"><tr><th colspan="4">Test &#8212; failed</th></tr><tr class="failedeven"><td rowspan="1">testCases.TestCase18</td><td><a href="#m0">viewCategoryProducts</a></td><td rowspan="1">1700140964711</td><td rowspan="1">2586</td></tr><tr class="failedodd"><td rowspan="1">testCases.TestCase19</td><td><a href="#m1">viewCartBrandProducts</a></td><td rowspan="1">1700140971002</td><td rowspan="1">3868</td></tr><tr class="failedeven"><td rowspan="1">testCases.TestCase21</td><td><a href="#m2">addReviewOnProduct</a></td><td rowspan="1">1700140993539</td><td rowspan="1">3540</td></tr><tr class="failedodd"><td rowspan="1">testCases.TestCase25</td><td><a href="#m3">verifyScrollUpUsingArrowButtonAndScrollDownFunctionality</a></td><td rowspan="1">1700141064972</td><td rowspan="1">1165</td></tr><tr class="failedeven"><td rowspan="1">testCases.TestCase8</td><td><a href="#m4">verifyAllProductsAndProductDetailPage</a></td><td rowspan="1">1700140849728</td><td rowspan="1">4046</td></tr><tr><th colspan="4">Test &#8212; passed</th></tr><tr class="passedeven"><td rowspan="1">testCases.TestCase1</td><td><a href="#m5">registerUser</a></td><td rowspan="1">1700140786956</td><td rowspan="1">8770</td></tr><tr class="passedodd"><td rowspan="1">testCases.TestCase10</td><td><a href="#m6">verifySubscriptionOnHomePage</a></td><td rowspan="1">1700140866929</td><td rowspan="1">227</td></tr><tr class="passedeven"><td rowspan="1">testCases.TestCase11</td><td><a href="#m7">verifySubscriptionOnCartPage</a></td><td rowspan="1">1700140871055</td><td rowspan="1">1563</td></tr><tr class="passedodd"><td rowspan="1">testCases.TestCase12</td><td><a href="#m8">addProductsInCart</a></td><td rowspan="1">1700140877637</td><td rowspan="1">5487</td></tr><tr class="passedeven"><td rowspan="1">testCases.TestCase13</td><td><a href="#m9">verifyProductQuantityInCart</a></td><td rowspan="1">1700140887306</td><td rowspan="1">3320</td></tr><tr class="passedodd"><td rowspan="1">testCases.TestCase14</td><td><a href="#m10">placeOrderRegisterWhileCheckout</a></td><td rowspan="1">1700140894652</td><td rowspan="1">17566</td></tr><tr class="passedeven"><td rowspan="1">testCases.TestCase15</td><td><a href="#m11">placeOrderRegisterBeforeCheckout</a></td><td rowspan="1">1700140916241</td><td rowspan="1">16749</td></tr><tr class="passedodd"><td rowspan="1">testCases.TestCase16</td><td><a href="#m12">placeOrderLoginBeforeCheckout</a></td><td rowspan="1">1700140936749</td><td rowspan="1">14985</td></tr><tr class="passedeven"><td rowspan="1">testCases.TestCase17</td><td><a href="#m13">removeProductsFromCart</a></td><td rowspan="1">1700140956870</td><td rowspan="1">3650</td></tr><tr class="passedodd"><td rowspan="1">testCases.TestCase2</td><td><a href="#m14">loginUserWithCorrectEmailAndPassword</a></td><td rowspan="1">1700140799434</td><td rowspan="1">4194</td></tr><tr class="passedeven"><td rowspan="1">testCases.TestCase20</td><td><a href="#m15">searchProductsAndVerifyCartAfterLogin</a></td><td rowspan="1">1700140980060</td><td rowspan="1">9883</td></tr><tr class="passedodd"><td rowspan="1">testCases.TestCase22</td><td><a href="#m16">AddToCartFromRecommendedItems</a></td><td rowspan="1">1700141001070</td><td rowspan="1">9159</td></tr><tr class="passedeven"><td rowspan="1">testCases.TestCase23</td><td><a href="#m17">verifyAddressDetailsInCheckoutPage</a></td><td rowspan="1">1700141014490</td><td rowspan="1">15878</td></tr><tr class="passedodd"><td rowspan="1">testCases.TestCase24</td><td><a href="#m18">downloadInvoiceAfterPurchaseOrder</a></td><td rowspan="1">1700141035968</td><td rowspan="1">24734</td></tr><tr class="passedeven"><td rowspan="1">testCases.TestCase26</td><td><a href="#m19">verifyScrollUpWithoutArrowButtonAndScrollDownFunctionality</a></td><td rowspan="1">1700141069861</td><td rowspan="1">1164</td></tr><tr class="passedodd"><td rowspan="1">testCases.TestCase3</td><td><a href="#m20">loginUserWithIncorrectEmailAndPassword</a></td><td rowspan="1">1700140807460</td><td rowspan="1">2168</td></tr><tr class="passedeven"><td rowspan="1">testCases.TestCase4</td><td><a href="#m21">logoutUser</a></td><td rowspan="1">1700140814896</td><td rowspan="1">5014</td></tr><tr class="passedodd"><td rowspan="1">testCases.TestCase5</td><td><a href="#m22">registerUserWithExistingEmail</a></td><td rowspan="1">1700140823777</td><td rowspan="1">1932</td></tr><tr class="passedeven"><td rowspan="1">testCases.TestCase6</td><td><a href="#m23">contactUsForm</a></td><td rowspan="1">1700140829515</td><td rowspan="1">9904</td></tr><tr class="passedodd"><td rowspan="1">testCases.TestCase7</td><td><a href="#m24">verifyTestCasesPage</a></td><td rowspan="1">1700140843261</td><td rowspan="1">1357</td></tr><tr class="passedeven"><td rowspan="1">testCases.TestCase9</td><td><a href="#m25">searchProduct</a></td><td rowspan="1">1700140857730</td><td rowspan="1">5516</td></tr></tbody>
</table>
<h2>Test</h2><h3 id="m0">testCases.TestCase18#viewCategoryProducts</h3><table class="result"><tr><th>Exception</th></tr><tr><td><div class="stacktrace">org.openqa.selenium.ElementNotInteractableException: element not interactable
  (Session info: chrome=119.0.6045.159)
Build info: version: &apos;4.13.0&apos;, revision: &apos;ba948ece5b*&apos;
System info: os.name: &apos;Windows 10&apos;, os.arch: &apos;amd64&apos;, os.version: &apos;10.0&apos;, java.version: &apos;17.0.1&apos;
Driver info: org.openqa.selenium.chrome.ChromeDriver
Command: [580c90674fa48882a327a59023f4a840, clickElement {id=2AECA625BCB8B1C25EF684ABDFFFAF30_element_86}]
Capabilities {acceptInsecureCerts: false, browserName: chrome, browserVersion: 119.0.6045.159, chrome: {chromedriverVersion: 119.0.6045.105 (38c72552c5e..., userDataDir: C:\Users\ABHISHEK\AppData\L...}, fedcm:accounts: true, goog:chromeOptions: {debuggerAddress: localhost:58669}, networkConnectionEnabled: false, pageLoadStrategy: normal, platformName: windows, proxy: Proxy(), se:cdp: ws://localhost:58669/devtoo..., se:cdpVersion: 119.0.6045.159, setWindowRect: true, strictFileInteractability: false, timeouts: {implicit: 0, pageLoad: 300000, script: 30000}, unhandledPromptBehavior: dismiss and notify, webauthn:extension:credBlob: true, webauthn:extension:largeBlob: true, webauthn:extension:minPinLength: true, webauthn:extension:prf: true, webauthn:virtualAuthenticators: true}
Element: [[ChromeDriver: chrome on windows (580c90674fa48882a327a59023f4a840)] -&gt; css selector: a[href=&apos;/category_products/3&apos;]]
Session ID: 580c90674fa48882a327a59023f4a840
	at org.openqa.selenium.remote.codec.w3c.W3CHttpResponseCodec.createException(W3CHttpResponseCodec.java:200)
	at org.openqa.selenium.remote.codec.w3c.W3CHttpResponseCodec.decode(W3CHttpResponseCodec.java:133)
	at org.openqa.selenium.remote.codec.w3c.W3CHttpResponseCodec.decode(W3CHttpResponseCodec.java:52)
	at org.openqa.selenium.remote.HttpCommandExecutor.execute(HttpCommandExecutor.java:191)
	at org.openqa.selenium.remote.service.DriverCommandExecutor.invokeExecute(DriverCommandExecutor.java:196)
	at org.openqa.selenium.remote.service.DriverCommandExecutor.execute(DriverCommandExecutor.java:171)
	at org.openqa.selenium.remote.RemoteWebDriver.execute(RemoteWebDriver.java:602)
	at org.openqa.selenium.remote.RemoteWebElement.execute(RemoteWebElement.java:224)
	at org.openqa.selenium.remote.RemoteWebElement.click(RemoteWebElement.java:77)
	at org.openqa.selenium.support.pagefactory.internal.LocatingElementHandler.invoke(LocatingElementHandler.java:51)
	at jdk.proxy2/jdk.proxy2.$Proxy16.click(Unknown Source)
	at pages.ProductsPage.tShirtsCategoryClick(ProductsPage.java:107)
	at testCases.TestCase18.checkIsUserNavigatedToThatCategoryPage(TestCase18.java:42)
	at testCases.TestCase18.viewCategoryProducts(TestCase18.java:17)
	at java.base/java.util.concurrent.ThreadPoolExecutor.runWorker(ThreadPoolExecutor.java:1136)
	at java.base/java.util.concurrent.ThreadPoolExecutor$Worker.run(ThreadPoolExecutor.java:635)
	at java.base/java.lang.Thread.run(Thread.java:833)
... Removed 20 stack frames</div></td></tr></table><p class="totop"><a href="#summary">back to summary</a></p>
<h3 id="m1">testCases.TestCase19#viewCartBrandProducts</h3><table class="result"><tr><th>Exception</th></tr><tr><td><div class="stacktrace">java.lang.AssertionError: Verify that user is navigated to brand page expected [BRAND - POLO PRODUCTS] but found [ALL PRODUCTS]
	at testCases.TestCase19.checkThatUserIsNavigatedToBrandPageAndBrandProductsAreDisplayed(TestCase19.java:41)
	at testCases.TestCase19.viewCartBrandProducts(TestCase19.java:20)
	at java.base/java.util.concurrent.ThreadPoolExecutor.runWorker(ThreadPoolExecutor.java:1136)
	at java.base/java.util.concurrent.ThreadPoolExecutor$Worker.run(ThreadPoolExecutor.java:635)
	at java.base/java.lang.Thread.run(Thread.java:833)
... Removed 17 stack frames</div></td></tr></table><p class="totop"><a href="#summary">back to summary</a></p>
<h3 id="m2">testCases.TestCase21#addReviewOnProduct</h3><table class="result"><tr><th>Exception</th></tr><tr><td><div class="stacktrace">org.openqa.selenium.ElementClickInterceptedException: element click intercepted: Element &lt;a href=&quot;/product_details/1&quot; style=&quot;color: brown;&quot;&gt;...&lt;/a&gt; is not clickable at point (817, 892). Other element would receive the click: &lt;iframe id=&quot;aswift_6&quot; name=&quot;aswift_6&quot; style=&quot;width: 1005px !important; height: 124px !important; display: block; margin: 0px auto;&quot; sandbox=&quot;allow-forms allow-popups allow-popups-to-escape-sandbox allow-same-origin allow-scripts allow-top-navigation-by-user-activation&quot; width=&quot;1005&quot; height=&quot;124&quot; frameborder=&quot;0&quot; marginwidth=&quot;0&quot; marginheight=&quot;0&quot; vspace=&quot;0&quot; hspace=&quot;0&quot; allowtransparency=&quot;true&quot; scrolling=&quot;no&quot; src=&quot;https://googleads.g.doubleclick.net/pagead/html/r20231109/r20110914/zrt_lookup_fy2021.html?fsb=1#RS-3-&amp;amp;adk=1812271801&amp;amp;client=ca-pub-1677597403311019&amp;amp;fa=1&amp;amp;ifi=7&amp;amp;uci=a!7&amp;amp;btvi=2&quot; data-google-container-id=&quot;a!7&quot; data-google-query-id=&quot;CMS4oOrOyIIDFYOSrAIdgoAF7Q&quot; data-load-complete=&quot;true&quot;&gt;&lt;/iframe&gt;
  (Session info: chrome=119.0.6045.159)
Build info: version: &apos;4.13.0&apos;, revision: &apos;ba948ece5b*&apos;
System info: os.name: &apos;Windows 10&apos;, os.arch: &apos;amd64&apos;, os.version: &apos;10.0&apos;, java.version: &apos;17.0.1&apos;
Driver info: org.openqa.selenium.chrome.ChromeDriver
Command: [53344bb9bdf97a4a303254a80f18cf4e, clickElement {id=848ED2AC6C8359181B08EDAA2DFCB76B_element_67}]
Capabilities {acceptInsecureCerts: false, browserName: chrome, browserVersion: 119.0.6045.159, chrome: {chromedriverVersion: 119.0.6045.105 (38c72552c5e..., userDataDir: C:\Users\ABHISHEK\AppData\L...}, fedcm:accounts: true, goog:chromeOptions: {debuggerAddress: localhost:58772}, networkConnectionEnabled: false, pageLoadStrategy: normal, platformName: windows, proxy: Proxy(), se:cdp: ws://localhost:58772/devtoo..., se:cdpVersion: 119.0.6045.159, setWindowRect: true, strictFileInteractability: false, timeouts: {implicit: 0, pageLoad: 300000, script: 30000}, unhandledPromptBehavior: dismiss and notify, webauthn:extension:credBlob: true, webauthn:extension:largeBlob: true, webauthn:extension:minPinLength: true, webauthn:extension:prf: true, webauthn:virtualAuthenticators: true}
Element: [[ChromeDriver: chrome on windows (53344bb9bdf97a4a303254a80f18cf4e)] -&gt; css selector: a[href=&apos;/product_details/1&apos;]]
Session ID: 53344bb9bdf97a4a303254a80f18cf4e
	at org.openqa.selenium.remote.codec.w3c.W3CHttpResponseCodec.createException(W3CHttpResponseCodec.java:200)
	at org.openqa.selenium.remote.codec.w3c.W3CHttpResponseCodec.decode(W3CHttpResponseCodec.java:133)
	at org.openqa.selenium.remote.codec.w3c.W3CHttpResponseCodec.decode(W3CHttpResponseCodec.java:52)
	at org.openqa.selenium.remote.HttpCommandExecutor.execute(HttpCommandExecutor.java:191)
	at org.openqa.selenium.remote.service.DriverCommandExecutor.invokeExecute(DriverCommandExecutor.java:196)
	at org.openqa.selenium.remote.service.DriverCommandExecutor.execute(DriverCommandExecutor.java:171)
	at org.openqa.selenium.remote.RemoteWebDriver.execute(RemoteWebDriver.java:602)
	at org.openqa.selenium.remote.RemoteWebElement.execute(RemoteWebElement.java:224)
	at org.openqa.selenium.remote.RemoteWebElement.click(RemoteWebElement.java:77)
	at org.openqa.selenium.support.pagefactory.internal.LocatingElementHandler.invoke(LocatingElementHandler.java:51)
	at jdk.proxy2/jdk.proxy2.$Proxy16.click(Unknown Source)
	at pages.ProductsPage.viewProductOfFirstProductButtonClick(ProductsPage.java:72)
	at testCases.TestCase21.checkIsWriteYourReview(TestCase21.java:25)
	at testCases.TestCase21.addReviewOnProduct(TestCase21.java:18)
	at java.base/java.util.concurrent.ThreadPoolExecutor.runWorker(ThreadPoolExecutor.java:1136)
	at java.base/java.util.concurrent.ThreadPoolExecutor$Worker.run(ThreadPoolExecutor.java:635)
	at java.base/java.lang.Thread.run(Thread.java:833)
... Removed 20 stack frames</div></td></tr></table><p class="totop"><a href="#summary">back to summary</a></p>
<h3 id="m3">testCases.TestCase25#verifyScrollUpUsingArrowButtonAndScrollDownFunctionality</h3><table class="result"><tr><th>Exception</th></tr><tr><td><div class="stacktrace">java.lang.AssertionError: Verify that page is scrolled up expected [true] but found [false]
	at testCases.TestCase25.pageScrollVerification(TestCase25.java:38)
	at testCases.TestCase25.verifyScrollUpUsingArrowButtonAndScrollDownFunctionality(TestCase25.java:16)
	at java.base/java.util.concurrent.ThreadPoolExecutor.runWorker(ThreadPoolExecutor.java:1136)
	at java.base/java.util.concurrent.ThreadPoolExecutor$Worker.run(ThreadPoolExecutor.java:635)
	at java.base/java.lang.Thread.run(Thread.java:833)
... Removed 15 stack frames</div></td></tr></table><p class="totop"><a href="#summary">back to summary</a></p>
<h3 id="m4">testCases.TestCase8#verifyAllProductsAndProductDetailPage</h3><table class="result"><tr><th>Exception</th></tr><tr><td><div class="stacktrace">org.openqa.selenium.NoSuchElementException: no such element: Unable to locate element: {&quot;method&quot;:&quot;xpath&quot;,&quot;selector&quot;:&quot;/html/body/section/div/div/div[2]/div[2]/div[2]/div&quot;}
  (Session info: chrome=119.0.6045.159)
For documentation on this error, please visit: https://www.selenium.dev/documentation/webdriver/troubleshooting/errors#no-such-element-exception
Build info: version: &apos;4.13.0&apos;, revision: &apos;ba948ece5b*&apos;
System info: os.name: &apos;Windows 10&apos;, os.arch: &apos;amd64&apos;, os.version: &apos;10.0&apos;, java.version: &apos;17.0.1&apos;
Driver info: org.openqa.selenium.chrome.ChromeDriver
Command: [d09bd8b1b88451a5a6f51f7d2c82f0db, findElement {using=xpath, value=/html/body/section/div/div/div[2]/div[2]/div[2]/div}]
Capabilities {acceptInsecureCerts: false, browserName: chrome, browserVersion: 119.0.6045.159, chrome: {chromedriverVersion: 119.0.6045.105 (38c72552c5e..., userDataDir: C:\Users\ABHISHEK\AppData\L...}, fedcm:accounts: true, goog:chromeOptions: {debuggerAddress: localhost:58302}, networkConnectionEnabled: false, pageLoadStrategy: normal, platformName: windows, proxy: Proxy(), se:cdp: ws://localhost:58302/devtoo..., se:cdpVersion: 119.0.6045.159, setWindowRect: true, strictFileInteractability: false, timeouts: {implicit: 0, pageLoad: 300000, script: 30000}, unhandledPromptBehavior: dismiss and notify, webauthn:extension:credBlob: true, webauthn:extension:largeBlob: true, webauthn:extension:minPinLength: true, webauthn:extension:prf: true, webauthn:virtualAuthenticators: true}
Session ID: d09bd8b1b88451a5a6f51f7d2c82f0db
	at org.openqa.selenium.remote.codec.w3c.W3CHttpResponseCodec.createException(W3CHttpResponseCodec.java:200)
	at org.openqa.selenium.remote.codec.w3c.W3CHttpResponseCodec.decode(W3CHttpResponseCodec.java:133)
	at org.openqa.selenium.remote.codec.w3c.W3CHttpResponseCodec.decode(W3CHttpResponseCodec.java:52)
	at org.openqa.selenium.remote.HttpCommandExecutor.execute(HttpCommandExecutor.java:191)
	at org.openqa.selenium.remote.service.DriverCommandExecutor.invokeExecute(DriverCommandExecutor.java:196)
	at org.openqa.selenium.remote.service.DriverCommandExecutor.execute(DriverCommandExecutor.java:171)
	at org.openqa.selenium.remote.RemoteWebDriver.execute(RemoteWebDriver.java:602)
	at org.openqa.selenium.remote.ElementLocation$ElementFinder$2.findElement(ElementLocation.java:165)
	at org.openqa.selenium.remote.ElementLocation.findElement(ElementLocation.java:59)
	at org.openqa.selenium.remote.RemoteWebDriver.findElement(RemoteWebDriver.java:359)
	at org.openqa.selenium.remote.RemoteWebDriver.findElement(RemoteWebDriver.java:353)
	at org.openqa.selenium.support.pagefactory.DefaultElementLocator.findElement(DefaultElementLocator.java:68)
	at org.openqa.selenium.support.pagefactory.internal.LocatingElementHandler.invoke(LocatingElementHandler.java:38)
	at jdk.proxy2/jdk.proxy2.$Proxy16.isDisplayed(Unknown Source)
	at testCases.TestCase8.isDetailsVisible(TestCase8.java:34)
	at testCases.TestCase8.verifyAllProductsAndProductDetailPage(TestCase8.java:19)
	at java.base/java.util.concurrent.ThreadPoolExecutor.runWorker(ThreadPoolExecutor.java:1136)
	at java.base/java.util.concurrent.ThreadPoolExecutor$Worker.run(ThreadPoolExecutor.java:635)
	at java.base/java.lang.Thread.run(Thread.java:833)
... Removed 17 stack frames</div></td></tr></table><p class="totop"><a href="#summary">back to summary</a></p>
<h3 id="m5">testCases.TestCase1#registerUser</h3><table class="result"><tr><th class="invisible"/></tr></table><p class="totop"><a href="#summary">back to summary</a></p>
<h3 id="m6">testCases.TestCase10#verifySubscriptionOnHomePage</h3><table class="result"><tr><th class="invisible"/></tr></table><p class="totop"><a href="#summary">back to summary</a></p>
<h3 id="m7">testCases.TestCase11#verifySubscriptionOnCartPage</h3><table class="result"><tr><th class="invisible"/></tr></table><p class="totop"><a href="#summary">back to summary</a></p>
<h3 id="m8">testCases.TestCase12#addProductsInCart</h3><table class="result"><tr><th class="invisible"/></tr></table><p class="totop"><a href="#summary">back to summary</a></p>
<h3 id="m9">testCases.TestCase13#verifyProductQuantityInCart</h3><table class="result"><tr><th class="invisible"/></tr></table><p class="totop"><a href="#summary">back to summary</a></p>
<h3 id="m10">testCases.TestCase14#placeOrderRegisterWhileCheckout</h3><table class="result"><tr><th class="invisible"/></tr></table><p class="totop"><a href="#summary">back to summary</a></p>
<h3 id="m11">testCases.TestCase15#placeOrderRegisterBeforeCheckout</h3><table class="result"><tr><th class="invisible"/></tr></table><p class="totop"><a href="#summary">back to summary</a></p>
<h3 id="m12">testCases.TestCase16#placeOrderLoginBeforeCheckout</h3><table class="result"><tr><th class="invisible"/></tr></table><p class="totop"><a href="#summary">back to summary</a></p>
<h3 id="m13">testCases.TestCase17#removeProductsFromCart</h3><table class="result"><tr><th class="invisible"/></tr></table><p class="totop"><a href="#summary">back to summary</a></p>
<h3 id="m14">testCases.TestCase2#loginUserWithCorrectEmailAndPassword</h3><table class="result"><tr><th class="invisible"/></tr></table><p class="totop"><a href="#summary">back to summary</a></p>
<h3 id="m15">testCases.TestCase20#searchProductsAndVerifyCartAfterLogin</h3><table class="result"><tr><th class="invisible"/></tr></table><p class="totop"><a href="#summary">back to summary</a></p>
<h3 id="m16">testCases.TestCase22#AddToCartFromRecommendedItems</h3><table class="result"><tr><th class="invisible"/></tr></table><p class="totop"><a href="#summary">back to summary</a></p>
<h3 id="m17">testCases.TestCase23#verifyAddressDetailsInCheckoutPage</h3><table class="result"><tr><th class="invisible"/></tr></table><p class="totop"><a href="#summary">back to summary</a></p>
<h3 id="m18">testCases.TestCase24#downloadInvoiceAfterPurchaseOrder</h3><table class="result"><tr><th class="invisible"/></tr></table><p class="totop"><a href="#summary">back to summary</a></p>
<h3 id="m19">testCases.TestCase26#verifyScrollUpWithoutArrowButtonAndScrollDownFunctionality</h3><table class="result"><tr><th class="invisible"/></tr></table><p class="totop"><a href="#summary">back to summary</a></p>
<h3 id="m20">testCases.TestCase3#loginUserWithIncorrectEmailAndPassword</h3><table class="result"><tr><th class="invisible"/></tr></table><p class="totop"><a href="#summary">back to summary</a></p>
<h3 id="m21">testCases.TestCase4#logoutUser</h3><table class="result"><tr><th class="invisible"/></tr></table><p class="totop"><a href="#summary">back to summary</a></p>
<h3 id="m22">testCases.TestCase5#registerUserWithExistingEmail</h3><table class="result"><tr><th class="invisible"/></tr></table><p class="totop"><a href="#summary">back to summary</a></p>
<h3 id="m23">testCases.TestCase6#contactUsForm</h3><table class="result"><tr><th class="invisible"/></tr></table><p class="totop"><a href="#summary">back to summary</a></p>
<h3 id="m24">testCases.TestCase7#verifyTestCasesPage</h3><table class="result"><tr><th class="invisible"/></tr></table><p class="totop"><a href="#summary">back to summary</a></p>
<h3 id="m25">testCases.TestCase9#searchProduct</h3><table class="result"><tr><th class="invisible"/></tr></table><p class="totop"><a href="#summary">back to summary</a></p>
</body>
</html>
