<?xml version="1.0" encoding="UTF-8"?>
<testng-results ignored="0" total="26" passed="21" failed="5" skipped="0">
  <reporter-output>
  </reporter-output>
  <suite started-at="2023-11-16T18:49:42 IST" name="Suite" finished-at="2023-11-16T18:54:31 IST" duration-ms="288640">
    <groups>
    </groups>
    <test started-at="2023-11-16T18:49:42 IST" name="Test" finished-at="2023-11-16T18:54:31 IST" duration-ms="288640">
      <class name="testCases.TestCase23">
        <test-method is-config="true" signature="setup()[pri:0, instance:testCases.TestCase23@7ce69770]" started-at="2023-11-16T18:53:30 IST" name="setup" finished-at="2023-11-16T18:53:34 IST" duration-ms="4015" status="PASS">
          <reporter-output>
          </reporter-output>
        </test-method> <!-- setup -->
        <test-method signature="verifyAddressDetailsInCheckoutPage()[pri:0, instance:testCases.TestCase23@7ce69770]" started-at="2023-11-16T18:53:34 IST" name="verifyAddressDetailsInCheckoutPage" finished-at="2023-11-16T18:53:50 IST" duration-ms="15878" status="PASS">
          <reporter-output>
          </reporter-output>
        </test-method> <!-- verifyAddressDetailsInCheckoutPage -->
        <test-method is-config="true" signature="teardown()[pri:0, instance:testCases.TestCase23@7ce69770]" started-at="2023-11-16T18:53:50 IST" name="teardown" finished-at="2023-11-16T18:53:50 IST" duration-ms="327" status="PASS">
          <reporter-output>
          </reporter-output>
        </test-method> <!-- teardown -->
      </class> <!-- testCases.TestCase23 -->
      <class name="testCases.TestCase24">
        <test-method is-config="true" signature="setup()[pri:0, instance:testCases.TestCase24@1750fbeb]" started-at="2023-11-16T18:53:50 IST" name="setup" finished-at="2023-11-16T18:53:55 IST" duration-ms="5273" status="PASS">
          <reporter-output>
          </reporter-output>
        </test-method> <!-- setup -->
        <test-method signature="downloadInvoiceAfterPurchaseOrder()[pri:0, instance:testCases.TestCase24@1750fbeb]" started-at="2023-11-16T18:53:55 IST" name="downloadInvoiceAfterPurchaseOrder" finished-at="2023-11-16T18:54:20 IST" duration-ms="24734" status="PASS">
          <reporter-output>
          </reporter-output>
        </test-method> <!-- downloadInvoiceAfterPurchaseOrder -->
        <test-method is-config="true" signature="teardown()[pri:0, instance:testCases.TestCase24@1750fbeb]" started-at="2023-11-16T18:54:20 IST" name="teardown" finished-at="2023-11-16T18:54:20 IST" duration-ms="253" status="PASS">
          <reporter-output>
          </reporter-output>
        </test-method> <!-- teardown -->
      </class> <!-- testCases.TestCase24 -->
      <class name="testCases.TestCase25">
        <test-method is-config="true" signature="setup()[pri:0, instance:testCases.TestCase25@5b247367]" started-at="2023-11-16T18:54:20 IST" name="setup" finished-at="2023-11-16T18:54:24 IST" duration-ms="4016" status="PASS">
          <reporter-output>
          </reporter-output>
        </test-method> <!-- setup -->
        <test-method signature="verifyScrollUpUsingArrowButtonAndScrollDownFunctionality()[pri:0, instance:testCases.TestCase25@5b247367]" started-at="2023-11-16T18:54:24 IST" name="verifyScrollUpUsingArrowButtonAndScrollDownFunctionality" finished-at="2023-11-16T18:54:26 IST" duration-ms="1165" status="FAIL">
          <exception class="java.lang.AssertionError">
            <message>
              <![CDATA[Verify that page is scrolled up expected [true] but found [false]]]>
            </message>
            <full-stacktrace>
              <![CDATA[java.lang.AssertionError: Verify that page is scrolled up expected [true] but found [false]
at org.testng.Assert.fail(Assert.java:111)
at org.testng.Assert.failNotEquals(Assert.java:1578)
at org.testng.Assert.assertTrue(Assert.java:57)
at testCases.TestCase25.pageScrollVerification(TestCase25.java:38)
at testCases.TestCase25.verifyScrollUpUsingArrowButtonAndScrollDownFunctionality(TestCase25.java:16)
at java.base/jdk.internal.reflect.NativeMethodAccessorImpl.invoke0(Native Method)
at java.base/jdk.internal.reflect.NativeMethodAccessorImpl.invoke(NativeMethodAccessorImpl.java:77)
at java.base/jdk.internal.reflect.DelegatingMethodAccessorImpl.invoke(DelegatingMethodAccessorImpl.java:43)
at java.base/java.lang.reflect.Method.invoke(Method.java:568)
at org.testng.internal.invokers.MethodInvocationHelper.invokeMethod(MethodInvocationHelper.java:139)
at org.testng.internal.invokers.TestInvoker.invokeMethod(TestInvoker.java:664)
at org.testng.internal.invokers.TestInvoker.invokeTestMethod(TestInvoker.java:227)
at org.testng.internal.invokers.MethodRunner.runInSequence(MethodRunner.java:50)
at org.testng.internal.invokers.TestInvoker$MethodInvocationAgent.invoke(TestInvoker.java:957)
at org.testng.internal.invokers.TestInvoker.invokeTestMethods(TestInvoker.java:200)
at org.testng.internal.invokers.TestMethodWorker.invokeTestMethods(TestMethodWorker.java:148)
at org.testng.internal.invokers.TestMethodWorker.run(TestMethodWorker.java:128)
at java.base/java.util.concurrent.ThreadPoolExecutor.runWorker(ThreadPoolExecutor.java:1136)
at java.base/java.util.concurrent.ThreadPoolExecutor$Worker.run(ThreadPoolExecutor.java:635)
at java.base/java.lang.Thread.run(Thread.java:833)
]]>
            </full-stacktrace>
          </exception> <!-- java.lang.AssertionError -->
          <reporter-output>
          </reporter-output>
        </test-method> <!-- verifyScrollUpUsingArrowButtonAndScrollDownFunctionality -->
        <test-method is-config="true" signature="teardown()[pri:0, instance:testCases.TestCase25@5b247367]" started-at="2023-11-16T18:54:26 IST" name="teardown" finished-at="2023-11-16T18:54:26 IST" duration-ms="225" status="PASS">
          <reporter-output>
          </reporter-output>
        </test-method> <!-- teardown -->
      </class> <!-- testCases.TestCase25 -->
      <class name="testCases.TestCase26">
        <test-method is-config="true" signature="setup()[pri:0, instance:testCases.TestCase26@268f106e]" started-at="2023-11-16T18:54:26 IST" name="setup" finished-at="2023-11-16T18:54:29 IST" duration-ms="3497" status="PASS">
          <reporter-output>
          </reporter-output>
        </test-method> <!-- setup -->
        <test-method signature="verifyScrollUpWithoutArrowButtonAndScrollDownFunctionality()[pri:0, instance:testCases.TestCase26@268f106e]" started-at="2023-11-16T18:54:29 IST" name="verifyScrollUpWithoutArrowButtonAndScrollDownFunctionality" finished-at="2023-11-16T18:54:31 IST" duration-ms="1164" status="PASS">
          <reporter-output>
          </reporter-output>
        </test-method> <!-- verifyScrollUpWithoutArrowButtonAndScrollDownFunctionality -->
        <test-method is-config="true" signature="teardown()[pri:0, instance:testCases.TestCase26@268f106e]" started-at="2023-11-16T18:54:31 IST" name="teardown" finished-at="2023-11-16T18:54:31 IST" duration-ms="190" status="PASS">
          <reporter-output>
          </reporter-output>
        </test-method> <!-- teardown -->
      </class> <!-- testCases.TestCase26 -->
      <class name="testCases.TestCase7">
        <test-method is-config="true" signature="setup()[pri:0, instance:testCases.TestCase7@33bc72d1]" started-at="2023-11-16T18:50:39 IST" name="setup" finished-at="2023-11-16T18:50:43 IST" duration-ms="3623" status="PASS">
          <reporter-output>
          </reporter-output>
        </test-method> <!-- setup -->
        <test-method signature="verifyTestCasesPage()[pri:0, instance:testCases.TestCase7@33bc72d1]" started-at="2023-11-16T18:50:43 IST" name="verifyTestCasesPage" finished-at="2023-11-16T18:50:44 IST" duration-ms="1357" status="PASS">
          <reporter-output>
          </reporter-output>
        </test-method> <!-- verifyTestCasesPage -->
        <test-method is-config="true" signature="teardown()[pri:0, instance:testCases.TestCase7@33bc72d1]" started-at="2023-11-16T18:50:44 IST" name="teardown" finished-at="2023-11-16T18:50:44 IST" duration-ms="202" status="PASS">
          <reporter-output>
          </reporter-output>
        </test-method> <!-- teardown -->
      </class> <!-- testCases.TestCase7 -->
      <class name="testCases.TestCase8">
        <test-method is-config="true" signature="setup()[pri:0, instance:testCases.TestCase8@1a75e76a]" started-at="2023-11-16T18:50:44 IST" name="setup" finished-at="2023-11-16T18:50:49 IST" duration-ms="4907" status="PASS">
          <reporter-output>
          </reporter-output>
        </test-method> <!-- setup -->
        <test-method signature="verifyAllProductsAndProductDetailPage()[pri:0, instance:testCases.TestCase8@1a75e76a]" started-at="2023-11-16T18:50:49 IST" name="verifyAllProductsAndProductDetailPage" finished-at="2023-11-16T18:50:53 IST" duration-ms="4046" status="FAIL">
          <exception class="org.openqa.selenium.NoSuchElementException">
            <message>
              <![CDATA[no such element: Unable to locate element: {"method":"xpath","selector":"/html/body/section/div/div/div[2]/div[2]/div[2]/div"}
  (Session info: chrome=119.0.6045.159)
For documentation on this error, please visit: https://www.selenium.dev/documentation/webdriver/troubleshooting/errors#no-such-element-exception
Build info: version: '4.13.0', revision: 'ba948ece5b*'
System info: os.name: 'Windows 10', os.arch: 'amd64', os.version: '10.0', java.version: '17.0.1'
Driver info: org.openqa.selenium.chrome.ChromeDriver
Command: [d09bd8b1b88451a5a6f51f7d2c82f0db, findElement {using=xpath, value=/html/body/section/div/div/div[2]/div[2]/div[2]/div}]
Capabilities {acceptInsecureCerts: false, browserName: chrome, browserVersion: 119.0.6045.159, chrome: {chromedriverVersion: 119.0.6045.105 (38c72552c5e..., userDataDir: C:\Users\ABHISHEK\AppData\L...}, fedcm:accounts: true, goog:chromeOptions: {debuggerAddress: localhost:58302}, networkConnectionEnabled: false, pageLoadStrategy: normal, platformName: windows, proxy: Proxy(), se:cdp: ws://localhost:58302/devtoo..., se:cdpVersion: 119.0.6045.159, setWindowRect: true, strictFileInteractability: false, timeouts: {implicit: 0, pageLoad: 300000, script: 30000}, unhandledPromptBehavior: dismiss and notify, webauthn:extension:credBlob: true, webauthn:extension:largeBlob: true, webauthn:extension:minPinLength: true, webauthn:extension:prf: true, webauthn:virtualAuthenticators: true}
Session ID: d09bd8b1b88451a5a6f51f7d2c82f0db]]>
            </message>
            <full-stacktrace>
              <![CDATA[org.openqa.selenium.NoSuchElementException: no such element: Unable to locate element: {"method":"xpath","selector":"/html/body/section/div/div/div[2]/div[2]/div[2]/div"}
  (Session info: chrome=119.0.6045.159)
For documentation on this error, please visit: https://www.selenium.dev/documentation/webdriver/troubleshooting/errors#no-such-element-exception
Build info: version: '4.13.0', revision: 'ba948ece5b*'
System info: os.name: 'Windows 10', os.arch: 'amd64', os.version: '10.0', java.version: '17.0.1'
Driver info: org.openqa.selenium.chrome.ChromeDriver
Command: [d09bd8b1b88451a5a6f51f7d2c82f0db, findElement {using=xpath, value=/html/body/section/div/div/div[2]/div[2]/div[2]/div}]
Capabilities {acceptInsecureCerts: false, browserName: chrome, browserVersion: 119.0.6045.159, chrome: {chromedriverVersion: 119.0.6045.105 (38c72552c5e..., userDataDir: C:\Users\ABHISHEK\AppData\L...}, fedcm:accounts: true, goog:chromeOptions: {debuggerAddress: localhost:58302}, networkConnectionEnabled: false, pageLoadStrategy: normal, platformName: windows, proxy: Proxy(), se:cdp: ws://localhost:58302/devtoo..., se:cdpVersion: 119.0.6045.159, setWindowRect: true, strictFileInteractability: false, timeouts: {implicit: 0, pageLoad: 300000, script: 30000}, unhandledPromptBehavior: dismiss and notify, webauthn:extension:credBlob: true, webauthn:extension:largeBlob: true, webauthn:extension:minPinLength: true, webauthn:extension:prf: true, webauthn:virtualAuthenticators: true}
Session ID: d09bd8b1b88451a5a6f51f7d2c82f0db
at java.base/jdk.internal.reflect.NativeConstructorAccessorImpl.newInstance0(Native Method)
at java.base/jdk.internal.reflect.NativeConstructorAccessorImpl.newInstance(NativeConstructorAccessorImpl.java:77)
at java.base/jdk.internal.reflect.DelegatingConstructorAccessorImpl.newInstance(DelegatingConstructorAccessorImpl.java:45)
at java.base/java.lang.reflect.Constructor.newInstanceWithCaller(Constructor.java:499)
at java.base/java.lang.reflect.Constructor.newInstance(Constructor.java:480)
at org.openqa.selenium.remote.codec.w3c.W3CHttpResponseCodec.createException(W3CHttpResponseCodec.java:200)
at org.openqa.selenium.remote.codec.w3c.W3CHttpResponseCodec.decode(W3CHttpResponseCodec.java:133)
at org.openqa.selenium.remote.codec.w3c.W3CHttpResponseCodec.decode(W3CHttpResponseCodec.java:52)
at org.openqa.selenium.remote.HttpCommandExecutor.execute(HttpCommandExecutor.java:191)
at org.openqa.selenium.remote.service.DriverCommandExecutor.invokeExecute(DriverCommandExecutor.java:196)
at org.openqa.selenium.remote.service.DriverCommandExecutor.execute(DriverCommandExecutor.java:171)
at org.openqa.selenium.remote.RemoteWebDriver.execute(RemoteWebDriver.java:602)
at org.openqa.selenium.remote.ElementLocation$ElementFinder$2.findElement(ElementLocation.java:165)
at org.openqa.selenium.remote.ElementLocation.findElement(ElementLocation.java:59)
at org.openqa.selenium.remote.RemoteWebDriver.findElement(RemoteWebDriver.java:359)
at org.openqa.selenium.remote.RemoteWebDriver.findElement(RemoteWebDriver.java:353)
at org.openqa.selenium.support.pagefactory.DefaultElementLocator.findElement(DefaultElementLocator.java:68)
at org.openqa.selenium.support.pagefactory.internal.LocatingElementHandler.invoke(LocatingElementHandler.java:38)
at jdk.proxy2/jdk.proxy2.$Proxy16.isDisplayed(Unknown Source)
at testCases.TestCase8.isDetailsVisible(TestCase8.java:34)
at testCases.TestCase8.verifyAllProductsAndProductDetailPage(TestCase8.java:19)
at java.base/jdk.internal.reflect.NativeMethodAccessorImpl.invoke0(Native Method)
at java.base/jdk.internal.reflect.NativeMethodAccessorImpl.invoke(NativeMethodAccessorImpl.java:77)
at java.base/jdk.internal.reflect.DelegatingMethodAccessorImpl.invoke(DelegatingMethodAccessorImpl.java:43)
at java.base/java.lang.reflect.Method.invoke(Method.java:568)
at org.testng.internal.invokers.MethodInvocationHelper.invokeMethod(MethodInvocationHelper.java:139)
at org.testng.internal.invokers.TestInvoker.invokeMethod(TestInvoker.java:664)
at org.testng.internal.invokers.TestInvoker.invokeTestMethod(TestInvoker.java:227)
at org.testng.internal.invokers.MethodRunner.runInSequence(MethodRunner.java:50)
at org.testng.internal.invokers.TestInvoker$MethodInvocationAgent.invoke(TestInvoker.java:957)
at org.testng.internal.invokers.TestInvoker.invokeTestMethods(TestInvoker.java:200)
at org.testng.internal.invokers.TestMethodWorker.invokeTestMethods(TestMethodWorker.java:148)
at org.testng.internal.invokers.TestMethodWorker.run(TestMethodWorker.java:128)
at java.base/java.util.concurrent.ThreadPoolExecutor.runWorker(ThreadPoolExecutor.java:1136)
at java.base/java.util.concurrent.ThreadPoolExecutor$Worker.run(ThreadPoolExecutor.java:635)
at java.base/java.lang.Thread.run(Thread.java:833)
]]>
            </full-stacktrace>
          </exception> <!-- org.openqa.selenium.NoSuchElementException -->
          <reporter-output>
          </reporter-output>
        </test-method> <!-- verifyAllProductsAndProductDetailPage -->
        <test-method is-config="true" signature="teardown()[pri:0, instance:testCases.TestCase8@1a75e76a]" started-at="2023-11-16T18:50:53 IST" name="teardown" finished-at="2023-11-16T18:50:54 IST" duration-ms="311" status="PASS">
          <reporter-output>
          </reporter-output>
        </test-method> <!-- teardown -->
      </class> <!-- testCases.TestCase8 -->
      <class name="testCases.TestCase10">
        <test-method is-config="true" signature="setup()[pri:0, instance:testCases.TestCase10@48bb62]" started-at="2023-11-16T18:51:03 IST" name="setup" finished-at="2023-11-16T18:51:06 IST" duration-ms="3432" status="PASS">
          <reporter-output>
          </reporter-output>
        </test-method> <!-- setup -->
        <test-method signature="verifySubscriptionOnHomePage()[pri:0, instance:testCases.TestCase10@48bb62]" started-at="2023-11-16T18:51:06 IST" name="verifySubscriptionOnHomePage" finished-at="2023-11-16T18:51:07 IST" duration-ms="227" status="PASS">
          <reporter-output>
          </reporter-output>
        </test-method> <!-- verifySubscriptionOnHomePage -->
        <test-method is-config="true" signature="teardown()[pri:0, instance:testCases.TestCase10@48bb62]" started-at="2023-11-16T18:51:07 IST" name="teardown" finished-at="2023-11-16T18:51:07 IST" duration-ms="204" status="PASS">
          <reporter-output>
          </reporter-output>
        </test-method> <!-- teardown -->
      </class> <!-- testCases.TestCase10 -->
      <class name="testCases.TestCase9">
        <test-method is-config="true" signature="setup()[pri:0, instance:testCases.TestCase9@5032714f]" started-at="2023-11-16T18:50:54 IST" name="setup" finished-at="2023-11-16T18:50:57 IST" duration-ms="3634" status="PASS">
          <reporter-output>
          </reporter-output>
        </test-method> <!-- setup -->
        <test-method signature="searchProduct()[pri:0, instance:testCases.TestCase9@5032714f]" started-at="2023-11-16T18:50:57 IST" name="searchProduct" finished-at="2023-11-16T18:51:03 IST" duration-ms="5516" status="PASS">
          <reporter-output>
          </reporter-output>
        </test-method> <!-- searchProduct -->
        <test-method is-config="true" signature="teardown()[pri:0, instance:testCases.TestCase9@5032714f]" started-at="2023-11-16T18:51:03 IST" name="teardown" finished-at="2023-11-16T18:51:03 IST" duration-ms="247" status="PASS">
          <reporter-output>
          </reporter-output>
        </test-method> <!-- teardown -->
      </class> <!-- testCases.TestCase9 -->
      <class name="testCases.TestCase11">
        <test-method is-config="true" signature="setup()[pri:0, instance:testCases.TestCase11@353352b6]" started-at="2023-11-16T18:51:07 IST" name="setup" finished-at="2023-11-16T18:51:11 IST" duration-ms="3693" status="PASS">
          <reporter-output>
          </reporter-output>
        </test-method> <!-- setup -->
        <test-method signature="verifySubscriptionOnCartPage()[pri:0, instance:testCases.TestCase11@353352b6]" started-at="2023-11-16T18:51:11 IST" name="verifySubscriptionOnCartPage" finished-at="2023-11-16T18:51:12 IST" duration-ms="1563" status="PASS">
          <reporter-output>
          </reporter-output>
        </test-method> <!-- verifySubscriptionOnCartPage -->
        <test-method is-config="true" signature="teardown()[pri:0, instance:testCases.TestCase11@353352b6]" started-at="2023-11-16T18:51:12 IST" name="teardown" finished-at="2023-11-16T18:51:12 IST" duration-ms="187" status="PASS">
          <reporter-output>
          </reporter-output>
        </test-method> <!-- teardown -->
      </class> <!-- testCases.TestCase11 -->
      <class name="testCases.TestCase1">
        <test-method is-config="true" signature="setup()[pri:0, instance:testCases.TestCase1@5d0bf09b]" started-at="2023-11-16T18:49:42 IST" name="setup" finished-at="2023-11-16T18:49:46 IST" duration-ms="4340" status="PASS">
          <reporter-output>
          </reporter-output>
        </test-method> <!-- setup -->
        <test-method signature="registerUser()[pri:0, instance:testCases.TestCase1@5d0bf09b]" started-at="2023-11-16T18:49:46 IST" name="registerUser" finished-at="2023-11-16T18:49:55 IST" duration-ms="8770" status="PASS">
          <reporter-output>
          </reporter-output>
        </test-method> <!-- registerUser -->
        <test-method is-config="true" signature="teardown()[pri:0, instance:testCases.TestCase1@5d0bf09b]" started-at="2023-11-16T18:49:55 IST" name="teardown" finished-at="2023-11-16T18:49:55 IST" duration-ms="191" status="PASS">
          <reporter-output>
          </reporter-output>
        </test-method> <!-- teardown -->
      </class> <!-- testCases.TestCase1 -->
      <class name="testCases.TestCase2">
        <test-method is-config="true" signature="setup()[pri:0, instance:testCases.TestCase2@645aa696]" started-at="2023-11-16T18:49:55 IST" name="setup" finished-at="2023-11-16T18:49:59 IST" duration-ms="3511" status="PASS">
          <reporter-output>
          </reporter-output>
        </test-method> <!-- setup -->
        <test-method signature="loginUserWithCorrectEmailAndPassword()[pri:0, instance:testCases.TestCase2@645aa696]" started-at="2023-11-16T18:49:59 IST" name="loginUserWithCorrectEmailAndPassword" finished-at="2023-11-16T18:50:03 IST" duration-ms="4194" status="PASS">
          <reporter-output>
          </reporter-output>
        </test-method> <!-- loginUserWithCorrectEmailAndPassword -->
        <test-method is-config="true" signature="teardown()[pri:0, instance:testCases.TestCase2@645aa696]" started-at="2023-11-16T18:50:03 IST" name="teardown" finished-at="2023-11-16T18:50:03 IST" duration-ms="197" status="PASS">
          <reporter-output>
          </reporter-output>
        </test-method> <!-- teardown -->
      </class> <!-- testCases.TestCase2 -->
      <class name="testCases.TestCase3">
        <test-method is-config="true" signature="setup()[pri:0, instance:testCases.TestCase3@6caf0677]" started-at="2023-11-16T18:50:03 IST" name="setup" finished-at="2023-11-16T18:50:07 IST" duration-ms="3634" status="PASS">
          <reporter-output>
          </reporter-output>
        </test-method> <!-- setup -->
        <test-method signature="loginUserWithIncorrectEmailAndPassword()[pri:0, instance:testCases.TestCase3@6caf0677]" started-at="2023-11-16T18:50:07 IST" name="loginUserWithIncorrectEmailAndPassword" finished-at="2023-11-16T18:50:09 IST" duration-ms="2168" status="PASS">
          <reporter-output>
          </reporter-output>
        </test-method> <!-- loginUserWithIncorrectEmailAndPassword -->
        <test-method is-config="true" signature="teardown()[pri:0, instance:testCases.TestCase3@6caf0677]" started-at="2023-11-16T18:50:09 IST" name="teardown" finished-at="2023-11-16T18:50:09 IST" duration-ms="227" status="PASS">
          <reporter-output>
          </reporter-output>
        </test-method> <!-- teardown -->
      </class> <!-- testCases.TestCase3 -->
      <class name="testCases.TestCase4">
        <test-method is-config="true" signature="setup()[pri:0, instance:testCases.TestCase4@413d1baf]" started-at="2023-11-16T18:50:09 IST" name="setup" finished-at="2023-11-16T18:50:14 IST" duration-ms="5038" status="PASS">
          <reporter-output>
          </reporter-output>
        </test-method> <!-- setup -->
        <test-method signature="logoutUser()[pri:0, instance:testCases.TestCase4@413d1baf]" started-at="2023-11-16T18:50:14 IST" name="logoutUser" finished-at="2023-11-16T18:50:19 IST" duration-ms="5014" status="PASS">
          <reporter-output>
          </reporter-output>
        </test-method> <!-- logoutUser -->
        <test-method is-config="true" signature="teardown()[pri:0, instance:testCases.TestCase4@413d1baf]" started-at="2023-11-16T18:50:19 IST" name="teardown" finished-at="2023-11-16T18:50:20 IST" duration-ms="207" status="PASS">
          <reporter-output>
          </reporter-output>
        </test-method> <!-- teardown -->
      </class> <!-- testCases.TestCase4 -->
      <class name="testCases.TestCase5">
        <test-method is-config="true" signature="setup()[pri:0, instance:testCases.TestCase5@16eb3ea3]" started-at="2023-11-16T18:50:20 IST" name="setup" finished-at="2023-11-16T18:50:23 IST" duration-ms="3656" status="PASS">
          <reporter-output>
          </reporter-output>
        </test-method> <!-- setup -->
        <test-method signature="registerUserWithExistingEmail()[pri:0, instance:testCases.TestCase5@16eb3ea3]" started-at="2023-11-16T18:50:23 IST" name="registerUserWithExistingEmail" finished-at="2023-11-16T18:50:25 IST" duration-ms="1932" status="PASS">
          <reporter-output>
          </reporter-output>
        </test-method> <!-- registerUserWithExistingEmail -->
        <test-method is-config="true" signature="teardown()[pri:0, instance:testCases.TestCase5@16eb3ea3]" started-at="2023-11-16T18:50:25 IST" name="teardown" finished-at="2023-11-16T18:50:25 IST" duration-ms="178" status="PASS">
          <reporter-output>
          </reporter-output>
        </test-method> <!-- teardown -->
      </class> <!-- testCases.TestCase5 -->
      <class name="testCases.TestCase6">
        <test-method is-config="true" signature="setup()[pri:0, instance:testCases.TestCase6@273444fe]" started-at="2023-11-16T18:50:25 IST" name="setup" finished-at="2023-11-16T18:50:29 IST" duration-ms="3627" status="PASS">
          <reporter-output>
          </reporter-output>
        </test-method> <!-- setup -->
        <test-method signature="contactUsForm()[pri:0, instance:testCases.TestCase6@273444fe]" started-at="2023-11-16T18:50:29 IST" name="contactUsForm" finished-at="2023-11-16T18:50:39 IST" duration-ms="9904" status="PASS">
          <reporter-output>
          </reporter-output>
        </test-method> <!-- contactUsForm -->
        <test-method is-config="true" signature="teardown()[pri:0, instance:testCases.TestCase6@273444fe]" started-at="2023-11-16T18:50:39 IST" name="teardown" finished-at="2023-11-16T18:50:39 IST" duration-ms="218" status="PASS">
          <reporter-output>
          </reporter-output>
        </test-method> <!-- teardown -->
      </class> <!-- testCases.TestCase6 -->
      <class name="testCases.TestCase16">
        <test-method is-config="true" signature="setup()[pri:0, instance:testCases.TestCase16@2767e23c]" started-at="2023-11-16T18:52:13 IST" name="setup" finished-at="2023-11-16T18:52:16 IST" duration-ms="3559" status="PASS">
          <reporter-output>
          </reporter-output>
        </test-method> <!-- setup -->
        <test-method signature="placeOrderLoginBeforeCheckout()[pri:0, instance:testCases.TestCase16@2767e23c]" started-at="2023-11-16T18:52:16 IST" name="placeOrderLoginBeforeCheckout" finished-at="2023-11-16T18:52:31 IST" duration-ms="14985" status="PASS">
          <reporter-output>
          </reporter-output>
        </test-method> <!-- placeOrderLoginBeforeCheckout -->
        <test-method is-config="true" signature="teardown()[pri:0, instance:testCases.TestCase16@2767e23c]" started-at="2023-11-16T18:52:31 IST" name="teardown" finished-at="2023-11-16T18:52:31 IST" duration-ms="191" status="PASS">
          <reporter-output>
          </reporter-output>
        </test-method> <!-- teardown -->
      </class> <!-- testCases.TestCase16 -->
      <class name="testCases.TestCase17">
        <test-method is-config="true" signature="setup()[pri:0, instance:testCases.TestCase17@710c2b53]" started-at="2023-11-16T18:52:31 IST" name="setup" finished-at="2023-11-16T18:52:36 IST" duration-ms="4931" status="PASS">
          <reporter-output>
          </reporter-output>
        </test-method> <!-- setup -->
        <test-method signature="removeProductsFromCart()[pri:0, instance:testCases.TestCase17@710c2b53]" started-at="2023-11-16T18:52:36 IST" name="removeProductsFromCart" finished-at="2023-11-16T18:52:40 IST" duration-ms="3650" status="PASS">
          <reporter-output>
          </reporter-output>
        </test-method> <!-- removeProductsFromCart -->
        <test-method is-config="true" signature="teardown()[pri:0, instance:testCases.TestCase17@710c2b53]" started-at="2023-11-16T18:52:40 IST" name="teardown" finished-at="2023-11-16T18:52:40 IST" duration-ms="255" status="PASS">
          <reporter-output>
          </reporter-output>
        </test-method> <!-- teardown -->
      </class> <!-- testCases.TestCase17 -->
      <class name="testCases.TestCase18">
        <test-method is-config="true" signature="setup()[pri:0, instance:testCases.TestCase18@5386659f]" started-at="2023-11-16T18:52:40 IST" name="setup" finished-at="2023-11-16T18:52:44 IST" duration-ms="3936" status="PASS">
          <reporter-output>
          </reporter-output>
        </test-method> <!-- setup -->
        <test-method signature="viewCategoryProducts()[pri:0, instance:testCases.TestCase18@5386659f]" started-at="2023-11-16T18:52:44 IST" name="viewCategoryProducts" finished-at="2023-11-16T18:52:47 IST" duration-ms="2586" status="FAIL">
          <exception class="org.openqa.selenium.ElementNotInteractableException">
            <message>
              <![CDATA[element not interactable
  (Session info: chrome=119.0.6045.159)
Build info: version: '4.13.0', revision: 'ba948ece5b*'
System info: os.name: 'Windows 10', os.arch: 'amd64', os.version: '10.0', java.version: '17.0.1'
Driver info: org.openqa.selenium.chrome.ChromeDriver
Command: [580c90674fa48882a327a59023f4a840, clickElement {id=2AECA625BCB8B1C25EF684ABDFFFAF30_element_86}]
Capabilities {acceptInsecureCerts: false, browserName: chrome, browserVersion: 119.0.6045.159, chrome: {chromedriverVersion: 119.0.6045.105 (38c72552c5e..., userDataDir: C:\Users\ABHISHEK\AppData\L...}, fedcm:accounts: true, goog:chromeOptions: {debuggerAddress: localhost:58669}, networkConnectionEnabled: false, pageLoadStrategy: normal, platformName: windows, proxy: Proxy(), se:cdp: ws://localhost:58669/devtoo..., se:cdpVersion: 119.0.6045.159, setWindowRect: true, strictFileInteractability: false, timeouts: {implicit: 0, pageLoad: 300000, script: 30000}, unhandledPromptBehavior: dismiss and notify, webauthn:extension:credBlob: true, webauthn:extension:largeBlob: true, webauthn:extension:minPinLength: true, webauthn:extension:prf: true, webauthn:virtualAuthenticators: true}
Element: [[ChromeDriver: chrome on windows (580c90674fa48882a327a59023f4a840)] -> css selector: a[href='/category_products/3']]
Session ID: 580c90674fa48882a327a59023f4a840]]>
            </message>
            <full-stacktrace>
              <![CDATA[org.openqa.selenium.ElementNotInteractableException: element not interactable
  (Session info: chrome=119.0.6045.159)
Build info: version: '4.13.0', revision: 'ba948ece5b*'
System info: os.name: 'Windows 10', os.arch: 'amd64', os.version: '10.0', java.version: '17.0.1'
Driver info: org.openqa.selenium.chrome.ChromeDriver
Command: [580c90674fa48882a327a59023f4a840, clickElement {id=2AECA625BCB8B1C25EF684ABDFFFAF30_element_86}]
Capabilities {acceptInsecureCerts: false, browserName: chrome, browserVersion: 119.0.6045.159, chrome: {chromedriverVersion: 119.0.6045.105 (38c72552c5e..., userDataDir: C:\Users\ABHISHEK\AppData\L...}, fedcm:accounts: true, goog:chromeOptions: {debuggerAddress: localhost:58669}, networkConnectionEnabled: false, pageLoadStrategy: normal, platformName: windows, proxy: Proxy(), se:cdp: ws://localhost:58669/devtoo..., se:cdpVersion: 119.0.6045.159, setWindowRect: true, strictFileInteractability: false, timeouts: {implicit: 0, pageLoad: 300000, script: 30000}, unhandledPromptBehavior: dismiss and notify, webauthn:extension:credBlob: true, webauthn:extension:largeBlob: true, webauthn:extension:minPinLength: true, webauthn:extension:prf: true, webauthn:virtualAuthenticators: true}
Element: [[ChromeDriver: chrome on windows (580c90674fa48882a327a59023f4a840)] -> css selector: a[href='/category_products/3']]
Session ID: 580c90674fa48882a327a59023f4a840
at java.base/jdk.internal.reflect.NativeConstructorAccessorImpl.newInstance0(Native Method)
at java.base/jdk.internal.reflect.NativeConstructorAccessorImpl.newInstance(NativeConstructorAccessorImpl.java:77)
at java.base/jdk.internal.reflect.DelegatingConstructorAccessorImpl.newInstance(DelegatingConstructorAccessorImpl.java:45)
at java.base/java.lang.reflect.Constructor.newInstanceWithCaller(Constructor.java:499)
at java.base/java.lang.reflect.Constructor.newInstance(Constructor.java:480)
at org.openqa.selenium.remote.codec.w3c.W3CHttpResponseCodec.createException(W3CHttpResponseCodec.java:200)
at org.openqa.selenium.remote.codec.w3c.W3CHttpResponseCodec.decode(W3CHttpResponseCodec.java:133)
at org.openqa.selenium.remote.codec.w3c.W3CHttpResponseCodec.decode(W3CHttpResponseCodec.java:52)
at org.openqa.selenium.remote.HttpCommandExecutor.execute(HttpCommandExecutor.java:191)
at org.openqa.selenium.remote.service.DriverCommandExecutor.invokeExecute(DriverCommandExecutor.java:196)
at org.openqa.selenium.remote.service.DriverCommandExecutor.execute(DriverCommandExecutor.java:171)
at org.openqa.selenium.remote.RemoteWebDriver.execute(RemoteWebDriver.java:602)
at org.openqa.selenium.remote.RemoteWebElement.execute(RemoteWebElement.java:224)
at org.openqa.selenium.remote.RemoteWebElement.click(RemoteWebElement.java:77)
at jdk.internal.reflect.GeneratedMethodAccessor2.invoke(Unknown Source)
at java.base/jdk.internal.reflect.DelegatingMethodAccessorImpl.invoke(DelegatingMethodAccessorImpl.java:43)
at java.base/java.lang.reflect.Method.invoke(Method.java:568)
at org.openqa.selenium.support.pagefactory.internal.LocatingElementHandler.invoke(LocatingElementHandler.java:51)
at jdk.proxy2/jdk.proxy2.$Proxy16.click(Unknown Source)
at pages.ProductsPage.tShirtsCategoryClick(ProductsPage.java:107)
at testCases.TestCase18.checkIsUserNavigatedToThatCategoryPage(TestCase18.java:42)
at testCases.TestCase18.viewCategoryProducts(TestCase18.java:17)
at java.base/jdk.internal.reflect.NativeMethodAccessorImpl.invoke0(Native Method)
at java.base/jdk.internal.reflect.NativeMethodAccessorImpl.invoke(NativeMethodAccessorImpl.java:77)
at java.base/jdk.internal.reflect.DelegatingMethodAccessorImpl.invoke(DelegatingMethodAccessorImpl.java:43)
at java.base/java.lang.reflect.Method.invoke(Method.java:568)
at org.testng.internal.invokers.MethodInvocationHelper.invokeMethod(MethodInvocationHelper.java:139)
at org.testng.internal.invokers.TestInvoker.invokeMethod(TestInvoker.java:664)
at org.testng.internal.invokers.TestInvoker.invokeTestMethod(TestInvoker.java:227)
at org.testng.internal.invokers.MethodRunner.runInSequence(MethodRunner.java:50)
at org.testng.internal.invokers.TestInvoker$MethodInvocationAgent.invoke(TestInvoker.java:957)
at org.testng.internal.invokers.TestInvoker.invokeTestMethods(TestInvoker.java:200)
at org.testng.internal.invokers.TestMethodWorker.invokeTestMethods(TestMethodWorker.java:148)
at org.testng.internal.invokers.TestMethodWorker.run(TestMethodWorker.java:128)
at java.base/java.util.concurrent.ThreadPoolExecutor.runWorker(ThreadPoolExecutor.java:1136)
at java.base/java.util.concurrent.ThreadPoolExecutor$Worker.run(ThreadPoolExecutor.java:635)
at java.base/java.lang.Thread.run(Thread.java:833)
]]>
            </full-stacktrace>
          </exception> <!-- org.openqa.selenium.ElementNotInteractableException -->
          <reporter-output>
          </reporter-output>
        </test-method> <!-- viewCategoryProducts -->
        <test-method is-config="true" signature="teardown()[pri:0, instance:testCases.TestCase18@5386659f]" started-at="2023-11-16T18:52:47 IST" name="teardown" finished-at="2023-11-16T18:52:47 IST" duration-ms="207" status="PASS">
          <reporter-output>
          </reporter-output>
        </test-method> <!-- teardown -->
      </class> <!-- testCases.TestCase18 -->
      <class name="testCases.TestCase19">
        <test-method is-config="true" signature="setup()[pri:0, instance:testCases.TestCase19@14028087]" started-at="2023-11-16T18:52:47 IST" name="setup" finished-at="2023-11-16T18:52:51 IST" duration-ms="3497" status="PASS">
          <reporter-output>
          </reporter-output>
        </test-method> <!-- setup -->
        <test-method signature="viewCartBrandProducts()[pri:0, instance:testCases.TestCase19@14028087]" started-at="2023-11-16T18:52:51 IST" name="viewCartBrandProducts" finished-at="2023-11-16T18:52:54 IST" duration-ms="3868" status="FAIL">
          <exception class="java.lang.AssertionError">
            <message>
              <![CDATA[Verify that user is navigated to brand page expected [BRAND - POLO PRODUCTS] but found [ALL PRODUCTS]]]>
            </message>
            <full-stacktrace>
              <![CDATA[java.lang.AssertionError: Verify that user is navigated to brand page expected [BRAND - POLO PRODUCTS] but found [ALL PRODUCTS]
at org.testng.Assert.fail(Assert.java:111)
at org.testng.Assert.failNotEquals(Assert.java:1578)
at org.testng.Assert.assertEqualsImpl(Assert.java:150)
at org.testng.Assert.assertEquals(Assert.java:132)
at org.testng.Assert.assertEquals(Assert.java:656)
at testCases.TestCase19.checkThatUserIsNavigatedToBrandPageAndBrandProductsAreDisplayed(TestCase19.java:41)
at testCases.TestCase19.viewCartBrandProducts(TestCase19.java:20)
at java.base/jdk.internal.reflect.NativeMethodAccessorImpl.invoke0(Native Method)
at java.base/jdk.internal.reflect.NativeMethodAccessorImpl.invoke(NativeMethodAccessorImpl.java:77)
at java.base/jdk.internal.reflect.DelegatingMethodAccessorImpl.invoke(DelegatingMethodAccessorImpl.java:43)
at java.base/java.lang.reflect.Method.invoke(Method.java:568)
at org.testng.internal.invokers.MethodInvocationHelper.invokeMethod(MethodInvocationHelper.java:139)
at org.testng.internal.invokers.TestInvoker.invokeMethod(TestInvoker.java:664)
at org.testng.internal.invokers.TestInvoker.invokeTestMethod(TestInvoker.java:227)
at org.testng.internal.invokers.MethodRunner.runInSequence(MethodRunner.java:50)
at org.testng.internal.invokers.TestInvoker$MethodInvocationAgent.invoke(TestInvoker.java:957)
at org.testng.internal.invokers.TestInvoker.invokeTestMethods(TestInvoker.java:200)
at org.testng.internal.invokers.TestMethodWorker.invokeTestMethods(TestMethodWorker.java:148)
at org.testng.internal.invokers.TestMethodWorker.run(TestMethodWorker.java:128)
at java.base/java.util.concurrent.ThreadPoolExecutor.runWorker(ThreadPoolExecutor.java:1136)
at java.base/java.util.concurrent.ThreadPoolExecutor$Worker.run(ThreadPoolExecutor.java:635)
at java.base/java.lang.Thread.run(Thread.java:833)
]]>
            </full-stacktrace>
          </exception> <!-- java.lang.AssertionError -->
          <reporter-output>
          </reporter-output>
        </test-method> <!-- viewCartBrandProducts -->
        <test-method is-config="true" signature="teardown()[pri:0, instance:testCases.TestCase19@14028087]" started-at="2023-11-16T18:52:54 IST" name="teardown" finished-at="2023-11-16T18:52:55 IST" duration-ms="297" status="PASS">
          <reporter-output>
          </reporter-output>
        </test-method> <!-- teardown -->
      </class> <!-- testCases.TestCase19 -->
      <class name="testCases.TestCase12">
        <test-method is-config="true" signature="setup()[pri:0, instance:testCases.TestCase12@4681c175]" started-at="2023-11-16T18:51:12 IST" name="setup" finished-at="2023-11-16T18:51:17 IST" duration-ms="4831" status="PASS">
          <reporter-output>
          </reporter-output>
        </test-method> <!-- setup -->
        <test-method signature="addProductsInCart()[pri:0, instance:testCases.TestCase12@4681c175]" started-at="2023-11-16T18:51:17 IST" name="addProductsInCart" finished-at="2023-11-16T18:51:23 IST" duration-ms="5487" status="PASS">
          <reporter-output>
          </reporter-output>
        </test-method> <!-- addProductsInCart -->
        <test-method is-config="true" signature="teardown()[pri:0, instance:testCases.TestCase12@4681c175]" started-at="2023-11-16T18:51:23 IST" name="teardown" finished-at="2023-11-16T18:51:23 IST" duration-ms="265" status="PASS">
          <reporter-output>
          </reporter-output>
        </test-method> <!-- teardown -->
      </class> <!-- testCases.TestCase12 -->
      <class name="testCases.TestCase13">
        <test-method is-config="true" signature="setup()[pri:0, instance:testCases.TestCase13@57a78e3]" started-at="2023-11-16T18:51:23 IST" name="setup" finished-at="2023-11-16T18:51:27 IST" duration-ms="3915" status="PASS">
          <reporter-output>
          </reporter-output>
        </test-method> <!-- setup -->
        <test-method signature="verifyProductQuantityInCart()[pri:0, instance:testCases.TestCase13@57a78e3]" started-at="2023-11-16T18:51:27 IST" name="verifyProductQuantityInCart" finished-at="2023-11-16T18:51:30 IST" duration-ms="3320" status="PASS">
          <reporter-output>
          </reporter-output>
        </test-method> <!-- verifyProductQuantityInCart -->
        <test-method is-config="true" signature="teardown()[pri:0, instance:testCases.TestCase13@57a78e3]" started-at="2023-11-16T18:51:30 IST" name="teardown" finished-at="2023-11-16T18:51:30 IST" duration-ms="201" status="PASS">
          <reporter-output>
          </reporter-output>
        </test-method> <!-- teardown -->
      </class> <!-- testCases.TestCase13 -->
      <class name="testCases.TestCase14">
        <test-method is-config="true" signature="setup()[pri:0, instance:testCases.TestCase14@402c4085]" started-at="2023-11-16T18:51:30 IST" name="setup" finished-at="2023-11-16T18:51:34 IST" duration-ms="3825" status="PASS">
          <reporter-output>
          </reporter-output>
        </test-method> <!-- setup -->
        <test-method signature="placeOrderRegisterWhileCheckout()[pri:0, instance:testCases.TestCase14@402c4085]" started-at="2023-11-16T18:51:34 IST" name="placeOrderRegisterWhileCheckout" finished-at="2023-11-16T18:51:52 IST" duration-ms="17566" status="PASS">
          <reporter-output>
          </reporter-output>
        </test-method> <!-- placeOrderRegisterWhileCheckout -->
        <test-method is-config="true" signature="teardown()[pri:0, instance:testCases.TestCase14@402c4085]" started-at="2023-11-16T18:51:52 IST" name="teardown" finished-at="2023-11-16T18:51:52 IST" duration-ms="253" status="PASS">
          <reporter-output>
          </reporter-output>
        </test-method> <!-- teardown -->
      </class> <!-- testCases.TestCase14 -->
      <class name="testCases.TestCase15">
        <test-method is-config="true" signature="setup()[pri:0, instance:testCases.TestCase15@6fa51cd4]" started-at="2023-11-16T18:51:52 IST" name="setup" finished-at="2023-11-16T18:51:56 IST" duration-ms="3768" status="PASS">
          <reporter-output>
          </reporter-output>
        </test-method> <!-- setup -->
        <test-method signature="placeOrderRegisterBeforeCheckout()[pri:0, instance:testCases.TestCase15@6fa51cd4]" started-at="2023-11-16T18:51:56 IST" name="placeOrderRegisterBeforeCheckout" finished-at="2023-11-16T18:52:12 IST" duration-ms="16749" status="PASS">
          <reporter-output>
          </reporter-output>
        </test-method> <!-- placeOrderRegisterBeforeCheckout -->
        <test-method is-config="true" signature="teardown()[pri:0, instance:testCases.TestCase15@6fa51cd4]" started-at="2023-11-16T18:52:12 IST" name="teardown" finished-at="2023-11-16T18:52:13 IST" duration-ms="191" status="PASS">
          <reporter-output>
          </reporter-output>
        </test-method> <!-- teardown -->
      </class> <!-- testCases.TestCase15 -->
      <class name="testCases.TestCase20">
        <test-method is-config="true" signature="setup()[pri:0, instance:testCases.TestCase20@cecf639]" started-at="2023-11-16T18:52:55 IST" name="setup" finished-at="2023-11-16T18:53:00 IST" duration-ms="4889" status="PASS">
          <reporter-output>
          </reporter-output>
        </test-method> <!-- setup -->
        <test-method signature="searchProductsAndVerifyCartAfterLogin()[pri:0, instance:testCases.TestCase20@cecf639]" started-at="2023-11-16T18:53:00 IST" name="searchProductsAndVerifyCartAfterLogin" finished-at="2023-11-16T18:53:09 IST" duration-ms="9883" status="PASS">
          <reporter-output>
          </reporter-output>
        </test-method> <!-- searchProductsAndVerifyCartAfterLogin -->
        <test-method is-config="true" signature="teardown()[pri:0, instance:testCases.TestCase20@cecf639]" started-at="2023-11-16T18:53:09 IST" name="teardown" finished-at="2023-11-16T18:53:10 IST" duration-ms="221" status="PASS">
          <reporter-output>
          </reporter-output>
        </test-method> <!-- teardown -->
      </class> <!-- testCases.TestCase20 -->
      <class name="testCases.TestCase21">
        <test-method is-config="true" signature="setup()[pri:0, instance:testCases.TestCase21@1caa0244]" started-at="2023-11-16T18:53:10 IST" name="setup" finished-at="2023-11-16T18:53:13 IST" duration-ms="3375" status="PASS">
          <reporter-output>
          </reporter-output>
        </test-method> <!-- setup -->
        <test-method signature="addReviewOnProduct()[pri:0, instance:testCases.TestCase21@1caa0244]" started-at="2023-11-16T18:53:13 IST" name="addReviewOnProduct" finished-at="2023-11-16T18:53:17 IST" duration-ms="3540" status="FAIL">
          <exception class="org.openqa.selenium.ElementClickInterceptedException">
            <message>
              <![CDATA[element click intercepted: Element <a href="/product_details/1" style="color: brown;">...</a> is not clickable at point (817, 892). Other element would receive the click: <iframe id="aswift_6" name="aswift_6" style="width: 1005px !important; height: 124px !important; display: block; margin: 0px auto;" sandbox="allow-forms allow-popups allow-popups-to-escape-sandbox allow-same-origin allow-scripts allow-top-navigation-by-user-activation" width="1005" height="124" frameborder="0" marginwidth="0" marginheight="0" vspace="0" hspace="0" allowtransparency="true" scrolling="no" src="https://googleads.g.doubleclick.net/pagead/html/r20231109/r20110914/zrt_lookup_fy2021.html?fsb=1#RS-3-&amp;adk=1812271801&amp;client=ca-pub-1677597403311019&amp;fa=1&amp;ifi=7&amp;uci=a!7&amp;btvi=2" data-google-container-id="a!7" data-google-query-id="CMS4oOrOyIIDFYOSrAIdgoAF7Q" data-load-complete="true"></iframe>
  (Session info: chrome=119.0.6045.159)
Build info: version: '4.13.0', revision: 'ba948ece5b*'
System info: os.name: 'Windows 10', os.arch: 'amd64', os.version: '10.0', java.version: '17.0.1'
Driver info: org.openqa.selenium.chrome.ChromeDriver
Command: [53344bb9bdf97a4a303254a80f18cf4e, clickElement {id=848ED2AC6C8359181B08EDAA2DFCB76B_element_67}]
Capabilities {acceptInsecureCerts: false, browserName: chrome, browserVersion: 119.0.6045.159, chrome: {chromedriverVersion: 119.0.6045.105 (38c72552c5e..., userDataDir: C:\Users\ABHISHEK\AppData\L...}, fedcm:accounts: true, goog:chromeOptions: {debuggerAddress: localhost:58772}, networkConnectionEnabled: false, pageLoadStrategy: normal, platformName: windows, proxy: Proxy(), se:cdp: ws://localhost:58772/devtoo..., se:cdpVersion: 119.0.6045.159, setWindowRect: true, strictFileInteractability: false, timeouts: {implicit: 0, pageLoad: 300000, script: 30000}, unhandledPromptBehavior: dismiss and notify, webauthn:extension:credBlob: true, webauthn:extension:largeBlob: true, webauthn:extension:minPinLength: true, webauthn:extension:prf: true, webauthn:virtualAuthenticators: true}
Element: [[ChromeDriver: chrome on windows (53344bb9bdf97a4a303254a80f18cf4e)] -> css selector: a[href='/product_details/1']]
Session ID: 53344bb9bdf97a4a303254a80f18cf4e]]>
            </message>
            <full-stacktrace>
              <![CDATA[org.openqa.selenium.ElementClickInterceptedException: element click intercepted: Element <a href="/product_details/1" style="color: brown;">...</a> is not clickable at point (817, 892). Other element would receive the click: <iframe id="aswift_6" name="aswift_6" style="width: 1005px !important; height: 124px !important; display: block; margin: 0px auto;" sandbox="allow-forms allow-popups allow-popups-to-escape-sandbox allow-same-origin allow-scripts allow-top-navigation-by-user-activation" width="1005" height="124" frameborder="0" marginwidth="0" marginheight="0" vspace="0" hspace="0" allowtransparency="true" scrolling="no" src="https://googleads.g.doubleclick.net/pagead/html/r20231109/r20110914/zrt_lookup_fy2021.html?fsb=1#RS-3-&amp;adk=1812271801&amp;client=ca-pub-1677597403311019&amp;fa=1&amp;ifi=7&amp;uci=a!7&amp;btvi=2" data-google-container-id="a!7" data-google-query-id="CMS4oOrOyIIDFYOSrAIdgoAF7Q" data-load-complete="true"></iframe>
  (Session info: chrome=119.0.6045.159)
Build info: version: '4.13.0', revision: 'ba948ece5b*'
System info: os.name: 'Windows 10', os.arch: 'amd64', os.version: '10.0', java.version: '17.0.1'
Driver info: org.openqa.selenium.chrome.ChromeDriver
Command: [53344bb9bdf97a4a303254a80f18cf4e, clickElement {id=848ED2AC6C8359181B08EDAA2DFCB76B_element_67}]
Capabilities {acceptInsecureCerts: false, browserName: chrome, browserVersion: 119.0.6045.159, chrome: {chromedriverVersion: 119.0.6045.105 (38c72552c5e..., userDataDir: C:\Users\ABHISHEK\AppData\L...}, fedcm:accounts: true, goog:chromeOptions: {debuggerAddress: localhost:58772}, networkConnectionEnabled: false, pageLoadStrategy: normal, platformName: windows, proxy: Proxy(), se:cdp: ws://localhost:58772/devtoo..., se:cdpVersion: 119.0.6045.159, setWindowRect: true, strictFileInteractability: false, timeouts: {implicit: 0, pageLoad: 300000, script: 30000}, unhandledPromptBehavior: dismiss and notify, webauthn:extension:credBlob: true, webauthn:extension:largeBlob: true, webauthn:extension:minPinLength: true, webauthn:extension:prf: true, webauthn:virtualAuthenticators: true}
Element: [[ChromeDriver: chrome on windows (53344bb9bdf97a4a303254a80f18cf4e)] -> css selector: a[href='/product_details/1']]
Session ID: 53344bb9bdf97a4a303254a80f18cf4e
at java.base/jdk.internal.reflect.NativeConstructorAccessorImpl.newInstance0(Native Method)
at java.base/jdk.internal.reflect.NativeConstructorAccessorImpl.newInstance(NativeConstructorAccessorImpl.java:77)
at java.base/jdk.internal.reflect.DelegatingConstructorAccessorImpl.newInstance(DelegatingConstructorAccessorImpl.java:45)
at java.base/java.lang.reflect.Constructor.newInstanceWithCaller(Constructor.java:499)
at java.base/java.lang.reflect.Constructor.newInstance(Constructor.java:480)
at org.openqa.selenium.remote.codec.w3c.W3CHttpResponseCodec.createException(W3CHttpResponseCodec.java:200)
at org.openqa.selenium.remote.codec.w3c.W3CHttpResponseCodec.decode(W3CHttpResponseCodec.java:133)
at org.openqa.selenium.remote.codec.w3c.W3CHttpResponseCodec.decode(W3CHttpResponseCodec.java:52)
at org.openqa.selenium.remote.HttpCommandExecutor.execute(HttpCommandExecutor.java:191)
at org.openqa.selenium.remote.service.DriverCommandExecutor.invokeExecute(DriverCommandExecutor.java:196)
at org.openqa.selenium.remote.service.DriverCommandExecutor.execute(DriverCommandExecutor.java:171)
at org.openqa.selenium.remote.RemoteWebDriver.execute(RemoteWebDriver.java:602)
at org.openqa.selenium.remote.RemoteWebElement.execute(RemoteWebElement.java:224)
at org.openqa.selenium.remote.RemoteWebElement.click(RemoteWebElement.java:77)
at jdk.internal.reflect.GeneratedMethodAccessor2.invoke(Unknown Source)
at java.base/jdk.internal.reflect.DelegatingMethodAccessorImpl.invoke(DelegatingMethodAccessorImpl.java:43)
at java.base/java.lang.reflect.Method.invoke(Method.java:568)
at org.openqa.selenium.support.pagefactory.internal.LocatingElementHandler.invoke(LocatingElementHandler.java:51)
at jdk.proxy2/jdk.proxy2.$Proxy16.click(Unknown Source)
at pages.ProductsPage.viewProductOfFirstProductButtonClick(ProductsPage.java:72)
at testCases.TestCase21.checkIsWriteYourReview(TestCase21.java:25)
at testCases.TestCase21.addReviewOnProduct(TestCase21.java:18)
at java.base/jdk.internal.reflect.NativeMethodAccessorImpl.invoke0(Native Method)
at java.base/jdk.internal.reflect.NativeMethodAccessorImpl.invoke(NativeMethodAccessorImpl.java:77)
at java.base/jdk.internal.reflect.DelegatingMethodAccessorImpl.invoke(DelegatingMethodAccessorImpl.java:43)
at java.base/java.lang.reflect.Method.invoke(Method.java:568)
at org.testng.internal.invokers.MethodInvocationHelper.invokeMethod(MethodInvocationHelper.java:139)
at org.testng.internal.invokers.TestInvoker.invokeMethod(TestInvoker.java:664)
at org.testng.internal.invokers.TestInvoker.invokeTestMethod(TestInvoker.java:227)
at org.testng.internal.invokers.MethodRunner.runInSequence(MethodRunner.java:50)
at org.testng.internal.invokers.TestInvoker$MethodInvocationAgent.invoke(TestInvoker.java:957)
at org.testng.internal.invokers.TestInvoker.invokeTestMethods(TestInvoker.java:200)
at org.testng.internal.invokers.TestMethodWorker.invokeTestMethods(TestMethodWorker.java:148)
at org.testng.internal.invokers.TestMethodWorker.run(TestMethodWorker.java:128)
at java.base/java.util.concurrent.ThreadPoolExecutor.runWorker(ThreadPoolExecutor.java:1136)
at java.base/java.util.concurrent.ThreadPoolExecutor$Worker.run(ThreadPoolExecutor.java:635)
at java.base/java.lang.Thread.run(Thread.java:833)
]]>
            </full-stacktrace>
          </exception> <!-- org.openqa.selenium.ElementClickInterceptedException -->
          <reporter-output>
          </reporter-output>
        </test-method> <!-- addReviewOnProduct -->
        <test-method is-config="true" signature="teardown()[pri:0, instance:testCases.TestCase21@1caa0244]" started-at="2023-11-16T18:53:17 IST" name="teardown" finished-at="2023-11-16T18:53:17 IST" duration-ms="189" status="PASS">
          <reporter-output>
          </reporter-output>
        </test-method> <!-- teardown -->
      </class> <!-- testCases.TestCase21 -->
      <class name="testCases.TestCase22">
        <test-method is-config="true" signature="setup()[pri:0, instance:testCases.TestCase22@7ce026d3]" started-at="2023-11-16T18:53:17 IST" name="setup" finished-at="2023-11-16T18:53:21 IST" duration-ms="3802" status="PASS">
          <reporter-output>
          </reporter-output>
        </test-method> <!-- setup -->
        <test-method signature="AddToCartFromRecommendedItems()[pri:0, instance:testCases.TestCase22@7ce026d3]" started-at="2023-11-16T18:53:21 IST" name="AddToCartFromRecommendedItems" finished-at="2023-11-16T18:53:30 IST" duration-ms="9159" status="PASS">
          <reporter-output>
          </reporter-output>
        </test-method> <!-- AddToCartFromRecommendedItems -->
        <test-method is-config="true" signature="teardown()[pri:0, instance:testCases.TestCase22@7ce026d3]" started-at="2023-11-16T18:53:30 IST" name="teardown" finished-at="2023-11-16T18:53:30 IST" duration-ms="245" status="PASS">
          <reporter-output>
          </reporter-output>
        </test-method> <!-- teardown -->
      </class> <!-- testCases.TestCase22 -->
    </test> <!-- Test -->
  </suite> <!-- Suite -->
</testng-results>
